<?xml version="1.0" encoding="UTF-8"?>
<!-- Generated by org.testng.reporters.JUnitReportReporter -->
<testsuite hostname="GSPLK-LPA553" failures="0" tests="9" name="day12.ParamTest" time="0.622" errors="0" timestamp="2024-12-12T17:55:03 IST" skipped="0">
  <testcase classname="day12.ParamTest" name="testLogo" time="0.139"/>
  <system-out/>
  <testcase classname="day12.ParamTest" name="testLogo" time="0.064"/>
  <system-out/>
  <testcase classname="day12.ParamTest" name="testLogo" time="0.246"/>
  <system-out/>
  <testcase classname="day12.ParamTest" name="testTitle" time="0.033"/>
  <system-out/>
  <testcase classname="day12.ParamTest" name="testTitle" time="0.037"/>
  <system-out/>
  <testcase classname="day12.ParamTest" name="testTitle" time="0.018"/>
  <system-out/>
  <testcase classname="day12.ParamTest" name="testURL" time="0.040"/>
  <system-out/>
  <testcase classname="day12.ParamTest" name="testURL" time="0.026"/>
  <system-out/>
  <testcase classname="day12.ParamTest" name="testURL" time="0.019"/>
  <system-out/>
</testsuite> <!-- day12.ParamTest -->
