<?xml version="1.0" encoding="UTF-8"?>
<!-- Generated by org.testng.reporters.JUnitReportReporter -->
<testsuite hostname="GSPLK-LPA553" failures="0" tests="3" name="day12.OrangeHRM" time="0.191" errors="0" timestamp="2024-12-13T12:43:46 IST" skipped="0">
  <testcase classname="day12.OrangeHRM" name="testLogo" time="0.083"/>
  <system-out/>
  <testcase classname="day12.OrangeHRM" name="testTitle" time="0.037"/>
  <system-out/>
  <testcase classname="day12.OrangeHRM" name="testURL" time="0.071"/>
  <system-out/>
</testsuite> <!-- day12.OrangeHRM -->
