<?xml version="1.0" encoding="UTF-8"?>
<!-- Generated by org.testng.reporters.JUnitReportReporter -->
<testsuite hostname="GSPLK-LPA553" failures="0" tests="3" name="day11.SignUpMethods" time="0.020" errors="0" timestamp="2024-12-12T11:38:28 IST" skipped="0">
  <testcase classname="day11.SignUpMethods" name="SignUpByFB" time="0.014"/>
  <testcase classname="day11.SignUpMethods" name="SignUpByInsta" time="0.002"/>
  <testcase classname="day11.SignUpMethods" name="SignUpByGmail" time="0.004"/>
</testsuite> <!-- day11.SignUpMethods -->
