<?xml version="1.0" encoding="UTF-8"?>
<!-- Generated by org.testng.reporters.JUnitReportReporter -->
<testsuite hostname="GSPLK-LPA553" failures="0" tests="2" name="day11.PaymentMethods" time="0.018" errors="0" timestamp="2024-12-12T11:41:22 IST" skipped="0">
  <testcase classname="day11.PaymentMethods" name="paymentInRupee" time="0.014"/>
  <testcase classname="day11.PaymentMethods" name="paymentInDollar" time="0.004"/>
</testsuite> <!-- day11.PaymentMethods -->
