<?xml version="1.0" encoding="UTF-8"?>
<!-- Generated by org.testng.reporters.JUnitReportReporter -->
<testsuite hostname="GSPLK-LPA553" failures="0" tests="3" name="day11.LoginMethods" time="0.022" errors="0" timestamp="2024-12-12T11:35:31 IST" skipped="0">
  <testcase classname="day11.LoginMethods" name="loginByFB" time="0.013"/>
  <testcase classname="day11.LoginMethods" name="loginByInsta" time="0.005"/>
  <testcase classname="day11.LoginMethods" name="loginByGmail" time="0.004"/>
</testsuite> <!-- day11.LoginMethods -->
