<?xml version="1.0" encoding="UTF-8"?>
<!-- Generated by org.testng.reporters.JUnitReportReporter -->
<testsuite hostname="GSPLK-LPA553" failures="0" tests="1" name="day11.AssertionDemo" time="0.018" errors="0" timestamp="2024-12-12T00:38:01 IST" skipped="0">
  <testcase classname="day11.AssertionDemo" name="testTitle" time="0.018"/>
</testsuite> <!-- day11.AssertionDemo -->
