<?xml version="1.0" encoding="UTF-8"?>
<!-- Generated by org.testng.reporters.JUnitReportReporter -->
<testsuite hostname="GSPLK-LPA553" failures="0" tests="1" name="day13.LoginTest" time="2.818" errors="0" timestamp="2024-12-14T01:40:43 IST" skipped="0">
  <testcase classname="day13.LoginTest" name="testLogin" time="2.818"/>
  <system-out/>
</testsuite> <!-- day13.LoginTest -->
