<?xml version="1.0" encoding="UTF-8"?>
<!-- Generated by org.testng.reporters.JUnitReportReporter -->
<testsuite hostname="GSPLK-LPA553" failures="0" tests="4" name="day11.OrangeHRMTest" time="42.065" errors="0" timestamp="2024-12-11T16:10:14 IST" skipped="0">
  <testcase classname="day11.OrangeHRMTest" name="openApp" time="35.885"/>
  <testcase classname="day11.OrangeHRMTest" name="testLogo" time="3.090"/>
  <testcase classname="day11.OrangeHRMTest" name="login" time="1.956"/>
  <testcase classname="day11.OrangeHRMTest" name="closeApp" time="1.134"/>
</testsuite> <!-- day11.OrangeHRMTest -->
