<?xml version="1.0" encoding="UTF-8"?>
<!-- Generated by org.testng.reporters.JUnitReportReporter -->
<testsuite hostname="GSPLK-LPA553" failures="0" tests="2" name="day11.AnnotationsDemo1" time="0.023" errors="0" timestamp="2024-12-11T18:59:28 IST" skipped="0">
  <testcase classname="day11.AnnotationsDemo1" name="search" time="0.018"/>
  <testcase classname="day11.AnnotationsDemo1" name="advanceSearch" time="0.005"/>
</testsuite> <!-- day11.AnnotationsDemo1 -->
