<?xml version="1.0" encoding="UTF-8"?>
<!-- Generated by org.testng.reporters.JUnitReportReporter -->
<testsuite hostname="GSPLK-LPA553" failures="0" tests="3" name="day11.FirstTestCase" time="0.020" errors="0" timestamp="2024-12-11T14:57:52 IST" skipped="0">
  <testcase classname="day11.FirstTestCase" name="login" time="0.012"/>
  <testcase classname="day11.FirstTestCase" name="performActivity" time="0.004"/>
  <testcase classname="day11.FirstTestCase" name="logout" time="0.004"/>
</testsuite> <!-- day11.FirstTestCase -->
